pinyinIME/build/outputs/logs/manifest-merger-debug-report.txt
-- Merging decision tree log ---
manifest
ADDED from src\main\AndroidManifest.xml:16:1-69:12
INJECTED from src\main\AndroidManifest.xml:16:1-69:12
INJECTED from src\main\AndroidManifest.xml:16:1-69:12
MERGED from [com.android.support.constraint:constraint-layout:1.1.1] AndroidManifest.xml:2:1-11:12
INJECTED from src\main\AndroidManifest.xml:16:1-69:12
INJECTED from src\main\AndroidManifest.xml:16:1-69:12
	package
		ADDED from src\main\AndroidManifest.xml:17:5-45
		INJECTED from src\main\AndroidManifest.xml
		INJECTED from src\main\AndroidManifest.xml
	xmlns:android
		ADDED from src\main\AndroidManifest.xml:16:11-69
	android:versionCode
		ADDED from src\main\AndroidManifest.xml:18:5-28
		INJECTED from src\main\AndroidManifest.xml
		INJECTED from src\main\AndroidManifest.xml
original-package
ADDED from src\main\AndroidManifest.xml:20:5-71
	android:name
		ADDED from src\main\AndroidManifest.xml:20:23-68
uses-permission#android.permission.VIBRATE
ADDED from src\main\AndroidManifest.xml:22:5-66
	android:name
		ADDED from src\main\AndroidManifest.xml:22:22-63
uses-permission#android.permission.INTERNET
ADDED from src\main\AndroidManifest.xml:23:5-67
	android:name
		ADDED from src\main\AndroidManifest.xml:23:22-64
uses-permission#android.permission.READ_USER_DICTIONARY
ADDED from src\main\AndroidManifest.xml:24:5-79
	android:name
		ADDED from src\main\AndroidManifest.xml:24:22-76
uses-permission#android.permission.WRITE_USER_DICTIONARY
ADDED from src\main\AndroidManifest.xml:25:5-80
	android:name
		ADDED from src\main\AndroidManifest.xml:25:22-77
uses-permission#android.permission.READ_CONTACTS
ADDED from src\main\AndroidManifest.xml:26:5-72
	android:name
		ADDED from src\main\AndroidManifest.xml:26:22-69
application
ADDED from src\main\AndroidManifest.xml:28:5-67:19
MERGED from [com.android.support.constraint:constraint-layout:1.1.1] AndroidManifest.xml:9:5-20
MERGED from [com.android.support.constraint:constraint-layout:1.1.1] AndroidManifest.xml:9:5-20
	android:label
		ADDED from src\main\AndroidManifest.xml:30:9-41
	android:icon
		ADDED from src\main\AndroidManifest.xml:29:9-42
service#com.android.inputmethod.pinyin.PinyinDecoderService
ADDED from src\main\AndroidManifest.xml:31:9-39:19
	android:exported
		ADDED from src\main\AndroidManifest.xml:33:13-36
	android:name
		ADDED from src\main\AndroidManifest.xml:32:13-49
intent-filter#android.intent.category.DEFAULT+com.android.inputmethod.pinyin.Decoder_Service
ADDED from src\main\AndroidManifest.xml:34:13-38:29
action#com.android.inputmethod.pinyin.Decoder_Service
ADDED from src\main\AndroidManifest.xml:35:17-89
	android:name
		ADDED from src\main\AndroidManifest.xml:35:25-86
category#android.intent.category.DEFAULT
ADDED from src\main\AndroidManifest.xml:37:17-76
	android:name
		ADDED from src\main\AndroidManifest.xml:37:27-73
service#com.android.inputmethod.pinyin.PinyinIME
ADDED from src\main\AndroidManifest.xml:40:9-51:19
	android:label
		ADDED from src\main\AndroidManifest.xml:42:13-45
	android:permission
		ADDED from src\main\AndroidManifest.xml:43:13-70
	android:name
		ADDED from src\main\AndroidManifest.xml:41:13-38
intent-filter#android.view.InputMethod
ADDED from src\main\AndroidManifest.xml:44:13-46:29
action#android.view.InputMethod
ADDED from src\main\AndroidManifest.xml:45:17-67
	android:name
		ADDED from src\main\AndroidManifest.xml:45:25-64
meta-data#android.view.im
ADDED from src\main\AndroidManifest.xml:48:13-50:50
	android:resource
		ADDED from src\main\AndroidManifest.xml:50:17-47
	android:name
		ADDED from src\main\AndroidManifest.xml:49:17-47
activity#com.android.inputmethod.pinyin.SettingsActivity
ADDED from src\main\AndroidManifest.xml:53:9-59:20
	android:label
		ADDED from src\main\AndroidManifest.xml:55:13-63
	android:name
		ADDED from src\main\AndroidManifest.xml:54:13-45
intent-filter#android.intent.action.MAIN
ADDED from src\main\AndroidManifest.xml:56:13-58:29
action#android.intent.action.MAIN
ADDED from src\main\AndroidManifest.xml:57:17-69
	android:name
		ADDED from src\main\AndroidManifest.xml:57:25-66
activity#com.android.inputmethod.test.MainActivity
ADDED from src\main\AndroidManifest.xml:60:9-66:20
	android:name
		ADDED from src\main\AndroidManifest.xml:60:19-75
intent-filter#android.intent.action.MAIN+android.intent.category.LAUNCHER
ADDED from src\main\AndroidManifest.xml:61:13-65:29
category#android.intent.category.LAUNCHER
ADDED from src\main\AndroidManifest.xml:64:17-77
	android:name
		ADDED from src\main\AndroidManifest.xml:64:27-74
uses-sdk
INJECTED from src\main\AndroidManifest.xml reason: use-sdk injection requested
INJECTED from src\main\AndroidManifest.xml
INJECTED from src\main\AndroidManifest.xml
MERGED from [com.android.support.constraint:constraint-layout:1.1.1] AndroidManifest.xml:5:5-7:41
MERGED from [com.android.support.constraint:constraint-layout:1.1.1] AndroidManifest.xml:5:5-7:41
INJECTED from src\main\AndroidManifest.xml
INJECTED from src\main\AndroidManifest.xml
	android:targetSdkVersion
		INJECTED from src\main\AndroidManifest.xml
		ADDED from src\main\AndroidManifest.xml
		INJECTED from src\main\AndroidManifest.xml
	android:minSdkVersion
		INJECTED from src\main\AndroidManifest.xml
		ADDED from src\main\AndroidManifest.xml
		INJECTED from src\main\AndroidManifest.xml